<?xml version="1.0" encoding="UTF-8"?>
<!-- Generated by org.testng.reporters.JUnitXMLReporter -->
<testsuite ignored="3" hostname="DESKTOP-D3234P5" failures="0" tests="3" name="flipkart.com" time="15.71" errors="0" timestamp="2024-01-13T11:25:15 IST">
  <testcase classname="Basic.ParamaterTest" name="AStartBrowser" time="5.81"/>
  <testcase classname="Basic.ParamaterTest" name="BLaunchApp" time="3.565"/>
  <testcase classname="Basic.ParamaterTest" name="CSearchIteam" time="6.253"/>
  <testcase classname="Basic.ParamaterTest" name="DPlaceOrder" time="0.0">
    <ignored/>
  </testcase> <!-- DPlaceOrder -->
  <testcase classname="Basic.ParamaterTest" name="Fquit" time="0.0">
    <ignored/>
  </testcase> <!-- Fquit -->
  <testcase classname="Basic.ParamaterTest" name="ELogin" time="0.0">
    <ignored/>
  </testcase> <!-- ELogin -->
</testsuite> <!-- flipkart.com -->
