<?xml version="1.0" encoding="UTF-8"?>
<!-- Generated by org.testng.reporters.JUnitXMLReporter -->
<testsuite ignored="3" hostname="DESKTOP-D3234P5" failures="0" tests="3" name="flipkart.com" time="11.456" errors="0" timestamp="2024-01-12T19:55:19 IST">
  <testcase classname="Basic.ParamaterTest" name="AStartBrowser" time="3.882"/>
  <testcase classname="Basic.ParamaterTest" name="BLaunchApp" time="1.84"/>
  <testcase classname="Basic.ParamaterTest" name="CSearchIteam" time="5.681"/>
  <testcase classname="Basic.ParamaterTest" name="DPlaceOrder" time="0.0">
    <ignored/>
  </testcase> <!-- DPlaceOrder -->
  <testcase classname="Basic.ParamaterTest" name="Fquit" time="0.0">
    <ignored/>
  </testcase> <!-- Fquit -->
  <testcase classname="Basic.ParamaterTest" name="ELogin" time="0.0">
    <ignored/>
  </testcase> <!-- ELogin -->
</testsuite> <!-- flipkart.com -->
