<?xml version="1.0" encoding="UTF-8"?>
<!-- Generated by org.testng.reporters.JUnitXMLReporter -->
<testsuite ignored="6" hostname="DESKTOP-D3234P5" failures="0" tests="0" time="0.001" errors="0" timestamp="2024-01-13T09:53:07 IST">
  <testcase classname="Basic.ParamaterTest" name="Fquit" time="0.0">
    <ignored/>
  </testcase> <!-- Fquit -->
  <testcase classname="Basic.ParamaterTest" name="AStartBrowser" time="0.0">
    <ignored/>
  </testcase> <!-- AStartBrowser -->
  <testcase classname="Basic.ParamaterTest" name="BLaunchApp" time="0.0">
    <ignored/>
  </testcase> <!-- BLaunchApp -->
  <testcase classname="Basic.ParamaterTest" name="DPlaceOrder" time="0.0">
    <ignored/>
  </testcase> <!-- DPlaceOrder -->
  <testcase classname="Basic.ParamaterTest" name="CSearchIteam" time="0.0">
    <ignored/>
  </testcase> <!-- CSearchIteam -->
  <testcase classname="Basic.ParamaterTest" name="ELogin" time="0.0">
    <ignored/>
  </testcase> <!-- ELogin -->
</testsuite>
