<?xml version="1.0" encoding="UTF-8"?>
<!-- Generated by org.testng.reporters.JUnitXMLReporter -->
<testsuite ignored="4" hostname="DESKTOP-D3234P5" failures="0" tests="2" name="logincart" time="5.412" errors="0" timestamp="2024-01-12T19:55:43 IST">
  <testcase classname="Basic.ParamaterTest" name="ELogin" time="5.134"/>
  <testcase classname="Basic.ParamaterTest" name="Fquit" time="0.268"/>
  <testcase classname="Basic.ParamaterTest" name="CSearchIteam" time="0.0">
    <ignored/>
  </testcase> <!-- CSearchIteam -->
  <testcase classname="Basic.ParamaterTest" name="AStartBrowser" time="0.0">
    <ignored/>
  </testcase> <!-- AStartBrowser -->
  <testcase classname="Basic.ParamaterTest" name="BLaunchApp" time="0.0">
    <ignored/>
  </testcase> <!-- BLaunchApp -->
  <testcase classname="Basic.ParamaterTest" name="DPlaceOrder" time="0.0">
    <ignored/>
  </testcase> <!-- DPlaceOrder -->
</testsuite> <!-- logincart -->
