<?xml version="1.0" encoding="UTF-8"?>
<!-- Generated by org.testng.reporters.JUnitXMLReporter -->
<testsuite ignored="2" hostname="DESKTOP-D3234P5" failures="0" tests="4" name="Veryify" time="19.014" errors="0" timestamp="2024-01-12T19:55:38 IST">
  <testcase classname="Basic.ParamaterTest" name="AStartBrowser" time="2.924"/>
  <testcase classname="Basic.ParamaterTest" name="BLaunchApp" time="2.352"/>
  <testcase classname="Basic.ParamaterTest" name="CSearchIteam" time="6.316"/>
  <testcase classname="Basic.ParamaterTest" name="DPlaceOrder" time="7.41"/>
  <testcase classname="Basic.ParamaterTest" name="Fquit" time="0.0">
    <ignored/>
  </testcase> <!-- Fquit -->
  <testcase classname="Basic.ParamaterTest" name="ELogin" time="0.0">
    <ignored/>
  </testcase> <!-- ELogin -->
</testsuite> <!-- Veryify -->
