<?xml version="1.0" encoding="UTF-8"?>
<!-- Generated by org.testng.reporters.JUnitXMLReporter -->
<testsuite ignored="2" hostname="DESKTOP-D3234P5" failures="0" tests="4" name="Veryify" time="21.086" errors="0" timestamp="2024-01-13T11:26:26 IST">
  <testcase classname="Basic.ParamaterTest" name="AStartBrowser" time="4.302"/>
  <testcase classname="Basic.ParamaterTest" name="BLaunchApp" time="1.917"/>
  <testcase classname="Basic.ParamaterTest" name="CSearchIteam" time="6.28"/>
  <testcase classname="Basic.ParamaterTest" name="DPlaceOrder" time="8.512"/>
  <testcase classname="Basic.ParamaterTest" name="Fquit" time="0.0">
    <ignored/>
  </testcase> <!-- Fquit -->
  <testcase classname="Basic.ParamaterTest" name="ELogin" time="0.0">
    <ignored/>
  </testcase> <!-- ELogin -->
</testsuite> <!-- Veryify -->
