<?xml version="1.0" encoding="UTF-8"?>
<!-- Generated by org.testng.reporters.JUnitXMLReporter -->
<testsuite ignored="0" hostname="DESKTOP-D3234P5" failures="0" tests="5" name="Default test" time="0.088" errors="0" timestamp="2024-01-13T17:22:29 IST">
  <testcase classname="basic.FlightBookingTest" name="Login" time="0.011"/>
  <testcase classname="basic.FlightBookingTest" name="SearchForTheFlight" time="0.001"/>
  <testcase classname="basic.FlightBookingTest" name="BooktheFlight" time="0.001"/>
  <testcase classname="basic.FlightBookingTest" name="SavetheTicket" time="0.002"/>
  <testcase classname="basic.FlightBookingTest" name="Logout" time="0.002"/>
</testsuite> <!-- Default test -->
